<?xml version="1.0" encoding="UTF-8"?>
<!-- Generated by org.testng.reporters.JUnitReportReporter -->
<testsuite hostname="DESKTOP-DVJLA93" failures="0" tests="1" name="com.orange.test.TestClass" time="1.678" errors="0" timestamp="2023-12-22T18:13:29 IST" skipped="0">
  <testcase classname="com.orange.test.TestClass" name="TC_LG_001" time="1.678"/>
</testsuite> <!-- com.orange.test.TestClass -->
